[debug] [2021-09-03T08:11:36.680Z] ----------------------------------------------------------------------
[debug] [2021-09-03T08:11:36.682Z] Command:       /usr/local/bin/node /usr/local/bin/firebase init
[debug] [2021-09-03T08:11:36.682Z] CLI Version:   9.3.0
[debug] [2021-09-03T08:11:36.682Z] Platform:      linux
[debug] [2021-09-03T08:11:36.682Z] Node Version:  v14.17.0
[debug] [2021-09-03T08:11:36.682Z] Time:          Fri Sep 03 2021 10:11:36 GMT+0200 (Central European Summer Time)
[debug] [2021-09-03T08:11:36.683Z] ----------------------------------------------------------------------
[debug] [2021-09-03T08:11:36.683Z] 
[debug] [2021-09-03T08:11:36.687Z] > command requires scopes: ["email","openid","https://www.googleapis.com/auth/cloudplatformprojects.readonly","https://www.googleapis.com/auth/firebase","https://www.googleapis.com/auth/cloud-platform"]
[debug] [2021-09-03T08:11:36.687Z] > authorizing via signed-in user
[info] 
     ######## #### ########  ######## ########     ###     ######  ########
     ##        ##  ##     ## ##       ##     ##  ##   ##  ##       ##
     ######    ##  ########  ######   ########  #########  ######  ######
     ##        ##  ##    ##  ##       ##     ## ##     ##       ## ##
     ##       #### ##     ## ######## ########  ##     ##  ######  ########

You're about to initialize a Firebase project in this directory:

  /home/gma/Documents/react20/typescript

Before we get started, keep in mind:

  * You are initializing in an existing Firebase project directory

[info] 
=== Project Setup
[info] 
[info] First, let's associate this project directory with a Firebase project.
[info] You can create multiple project aliases by running firebase use --add, 
[info] but for now we'll just set up a default project.
[info] 
[info] i  .firebaserc already has a default project, using random-puppies. 
[debug] [2021-09-03T08:11:43.680Z] >>> [apiv2][query] GET https://firebase.googleapis.com/v1beta1/projects/random-puppies [none]
[debug] [2021-09-03T08:11:44.588Z] <<< [apiv2][status] GET https://firebase.googleapis.com/v1beta1/projects/random-puppies 200
[debug] [2021-09-03T08:11:44.588Z] <<< [apiv2][body] GET https://firebase.googleapis.com/v1beta1/projects/random-puppies {"projectId":"random-puppies","projectNumber":"546517699539","displayName":"Random Puppies","name":"projects/random-puppies","resources":{"hostingSite":"random-puppies","storageBucket":"random-puppies.appspot.com","locationId":"europe-west"},"state":"ACTIVE"}
[info] 
=== Hosting Setup
[info] 
[info] Your public directory is the folder (relative to your project directory) that
[info] will contain Hosting assets to be uploaded with firebase deploy. If you
[info] have a build process for your assets, use your build's output directory.
[info] 
